🔧 CONFIG: loadConfigurationFromFile called with path: /var/tmp/MacHealthCheck-Inspect-Config.json
🎨 CONFIG: No brandPalette found in config
InspectState: About to extract configurations
InspectState: loadedConfig.banner = nil
InspectState: loadedConfig.listIndicatorStyle = nil
InspectState: loadedConfig.stepStyle = nil
Config.swift: extractUIConfiguration called
Config.swift: config.banner = nil
Config.swift: config.bannerHeight = 0
Config.swift: config.bannerTitle = nil
Config.swift: After extraction - uiConfig.bannerImage = nil
Config: No listIndicatorStyle in JSON, using default: 'numbers'
InspectState: After extraction - uiConfiguration.bannerImage = nil
InspectState: After extraction - uiConfiguration.iconBasePath = /var/tmp
InspectState: After extraction - uiConfiguration.listIndicatorStyle = numbers
InspectState: After extraction - uiConfiguration.stepStyle = plain
[SWIFTDIALOG] trigger_file: /var/tmp/MacHealthCheck-Inspect.trigger
[SWIFTDIALOG] distributed_notifications: enabled
[SWIFTDIALOG] trigger_mode: custom
[SWIFTDIALOG] readiness_file: /var/tmp/MacHealthCheck-Inspect.ready
[PRESET6_INTERACTION] event=launched step=preset6 current=0 completed=0
[PRESET6_EVENT] view_appeared triggerFile=/var/tmp/MacHealthCheck-Inspect.trigger preset=6 currentStep=0 totalSteps=9 completedSteps=0
[PRESET6_INTERACTION] event=completed_step step=overview current=0 completed=1
[PRESET6_EVENT] step_completed currentStep=0 preset=6 totalSteps=9 completedSteps=1 stepIndex=0 stepId=overview
[PRESET6_INTERACTION] event=navigate_next step=step_1 current=1 completed=1
[PRESET6_EVENT] step_transition reason=navigate_next preset=6 from=0 completedSteps=1 to=1 currentStep=1 totalSteps=9
[PRESET6_INTERACTION] event=completed_step step=security current=1 completed=2
[PRESET6_EVENT] step_completed completedSteps=2 stepId=security stepIndex=1 preset=6 totalSteps=9 currentStep=1
[PRESET6_INTERACTION] event=navigate_next step=step_2 current=2 completed=2
[PRESET6_EVENT] step_transition currentStep=2 preset=6 from=1 completedSteps=2 to=2 totalSteps=9 reason=navigate_next
[PRESET6_INTERACTION] event=completed_step step=maintenance current=2 completed=3
[PRESET6_EVENT] step_completed stepId=maintenance preset=6 totalSteps=9 stepIndex=2 completedSteps=3 currentStep=2
[PRESET6_INTERACTION] event=navigate_next step=step_3 current=3 completed=3
[PRESET6_EVENT] step_transition completedSteps=3 totalSteps=9 currentStep=3 reason=navigate_next from=2 to=3 preset=6
[PRESET6_INTERACTION] event=completed_step step=mdm__inventory current=3 completed=4
[PRESET6_EVENT] step_completed stepId=mdm__inventory stepIndex=3 completedSteps=4 totalSteps=9 currentStep=3 preset=6
[PRESET6_INTERACTION] event=navigate_next step=step_4 current=4 completed=4
[PRESET6_EVENT] step_transition currentStep=4 preset=6 from=3 completedSteps=4 to=4 reason=navigate_next totalSteps=9
[PRESET6_INTERACTION] event=completed_step step=connectivity current=4 completed=5
[PRESET6_EVENT] step_completed totalSteps=9 stepId=connectivity preset=6 currentStep=4 completedSteps=5 stepIndex=4
[PRESET6_INTERACTION] event=navigate_next step=step_5 current=5 completed=5
[PRESET6_EVENT] step_transition completedSteps=5 totalSteps=9 currentStep=5 reason=navigate_next from=4 to=5 preset=6
[PRESET6_INTERACTION] event=completed_step step=applications current=5 completed=6
[PRESET6_EVENT] step_completed totalSteps=9 currentStep=5 stepIndex=5 stepId=applications preset=6 completedSteps=6
[PRESET6_INTERACTION] event=navigate_next step=step_6 current=6 completed=6
[PRESET6_EVENT] step_transition completedSteps=6 totalSteps=9 currentStep=6 reason=navigate_next from=5 to=6 preset=6
[PRESET6_INTERACTION] event=completed_step step=healthy current=6 completed=7
[PRESET6_EVENT] step_completed stepId=healthy preset=6 stepIndex=6 currentStep=6 completedSteps=7 totalSteps=9
[PRESET6_INTERACTION] event=navigate_next step=step_7 current=7 completed=7
[PRESET6_EVENT] step_transition completedSteps=7 totalSteps=9 currentStep=7 reason=navigate_next from=6 to=7 preset=6
[PRESET6_INTERACTION] event=completed_step step=helERROR: Preset6: [DIAG] startMonitoring path='/var/tmp/MacHealthCheck-Inspect.trigger' exists=true
p current=7 completed=8
[PRESET6_EVENT] step_completed completedSteps=8 currentStep=7 preset=6 stepIndex=7 totalSteps=9 stepId=help
[PRESET6_INTERACTION] event=navigate_next step=step_8 current=8 completed=8
[PRESET6_EVENT] step_transition to=8 from=7 totalSteps=9 currentStep=8 reason=navigate_next preset=6 completedSteps=8
[PRESET6_INTERACTION] event=completed_step step=nextSteps current=8 completed=9
[PRESET6_EVENT] step_completed completedSteps=9 totalSteps=9 stepId=nextSteps currentStep=8 preset=6 stepIndex=8
[PRESET6_EVENT] workflow_completed completedSteps=9 totalSteps=9 failedSteps=0 currentStep=8 skippedSteps=0 preset=6
[PRESET6_INTERACTION] event=completed step=all_steps current=8 completed=9
[SWIFTDIALOG] result_file: /var/tmp/MacHealthCheck-Inspect-Result.json
